Using pre-set license
Built from '6000.0/staging' branch; Version is '6000.0.28f1 (f336aca0cab5) revision 15939244'; Using compiler version '193933523'; Build Type 'Release'
OS: 'Windows 11  (10.0.26100) 64bit Core' Language: 'es' Physical Memory: 16075 MB
BatchMode: 1, IsHumanControllingUs: 0, StartBugReporterOnCrash: 0, Is64bit: 1, IsPro: 1

COMMAND LINE ARGUMENTS:
C:\Program Files\Unity\Hub\Editor\6000.0.28f1\Editor\Unity.exe
-adb2
-batchMode
-noUpm
-name
AssetImportWorker0
-projectPath
C:/Users/LSM98/Penguin
-logFile
Logs/AssetImportWorker0.log
-srvPort
51538
-job-worker-count
3
-background-job-worker-count
8
-asset-garbage-collectors
1
Successfully changed project path to: C:/Users/LSM98/Penguin
C:/Users/LSM98/Penguin
[UnityMemory] Configuration Parameters - Can be set up in boot.config
    "memorysetup-bucket-allocator-granularity=16"
    "memorysetup-bucket-allocator-bucket-count=8"
    "memorysetup-bucket-allocator-block-size=33554432"
    "memorysetup-bucket-allocator-block-count=8"
    "memorysetup-main-allocator-block-size=16777216"
    "memorysetup-thread-allocator-block-size=16777216"
    "memorysetup-gfx-main-allocator-block-size=16777216"
    "memorysetup-gfx-thread-allocator-block-size=16777216"
    "memorysetup-cache-allocator-block-size=4194304"
    "memorysetup-typetree-allocator-block-size=2097152"
    "memorysetup-profiler-bucket-allocator-granularity=16"
    "memorysetup-profiler-bucket-allocator-bucket-count=8"
    "memorysetup-profiler-bucket-allocator-block-size=33554432"
    "memorysetup-profiler-bucket-allocator-block-count=8"
    "memorysetup-profiler-allocator-block-size=16777216"
    "memorysetup-profiler-editor-allocator-block-size=1048576"
    "memorysetup-temp-allocator-size-main=16777216"
    "memorysetup-job-temp-allocator-block-size=2097152"
    "memorysetup-job-temp-allocator-block-size-background=1048576"
    "memorysetup-job-temp-allocator-reduction-small-platforms=262144"
    "memorysetup-allocator-temp-initial-block-size-main=262144"
    "memorysetup-allocator-temp-initial-block-size-worker=262144"
    "memorysetup-temp-allocator-size-background-worker=32768"
    "memorysetup-temp-allocator-size-job-worker=262144"
    "memorysetup-temp-allocator-size-preload-manager=33554432"
    "memorysetup-temp-allocator-size-nav-mesh-worker=65536"
    "memorysetup-temp-allocator-size-audio-worker=65536"
    "memorysetup-temp-allocator-size-cloud-worker=32768"
    "memorysetup-temp-allocator-size-gi-baking-worker=262144"
    "memorysetup-temp-allocator-size-gi-baking-worker=262144"
    "memorysetup-temp-allocator-size-gi-baking-worker=262144"
    "memorysetup-temp-allocator-size-gi-baking-worker=262144"
    "memorysetup-temp-allocator-size-gi-baking-worker=262144"
    "memorysetup-temp-allocator-size-gfx=262144"
Player connection [5884]  Target information:

Player connection [5884]  * "[IP] 192.168.1.137 [Port] 0 [Flags] 2 [Guid] 2157556002 [EditorId] 2157556002 [Version] 1048832 [Id] WindowsEditor(7,Laura) [Debug] 1 [PackageName] WindowsEditor [ProjectName] Editor" 

Player connection [5884] Host joined multi-casting on [225.0.0.222:54997]...
Player connection [5884] Host joined alternative multi-casting on [225.0.0.222:34997]...
JobSystem: Creating JobQueue using job-worker-count value 3
[Physics::Module] Initialized fallback backend.
[Physics::Module] Id: 0xdecafbad
Library Redirect Path: Library/
[Physics::Module] Selected backend.
[Physics::Module] Name: PhysX
[Physics::Module] Id: 0xf2b8ea05
[Physics::Module] SDK Version: 4.1.2
[Physics::Module] Integration Version: 1.0.0
[Physics::Module] Threading Mode: Multi-Threaded
Refreshing native plugins compatible for Editor in 6.84 ms, found 4 plugins.
Preloading 0 native plugins for Editor in 0.00 ms.
Initialize engine version: 6000.0.28f1 (f336aca0cab5)
[Subsystems] Discovering subsystems at path C:/Program Files/Unity/Hub/Editor/6000.0.28f1/Editor/Data/Resources/UnitySubsystems
[Subsystems] Discovering subsystems at path C:/Users/LSM98/Penguin/Assets
GfxDevice: creating device client; kGfxThreadingModeNonThreaded
Direct3D:
    Version:  Direct3D 11.0 [level 11.1]
    Renderer: Intel(R) Iris(R) Xe Graphics (ID=0x9a49)
    Vendor:   Intel
    VRAM:     8037 MB
    Driver:   31.0.101.3251
Initialize mono
Mono path[0] = 'C:/Program Files/Unity/Hub/Editor/6000.0.28f1/Editor/Data/Managed'
Mono path[1] = 'C:/Program Files/Unity/Hub/Editor/6000.0.28f1/Editor/Data/MonoBleedingEdge/lib/mono/unityjit-win32'
Mono config path = 'C:/Program Files/Unity/Hub/Editor/6000.0.28f1/Editor/Data/MonoBleedingEdge/etc'
Using monoOptions --debugger-agent=transport=dt_socket,embedding=1,server=y,suspend=n,address=127.0.0.1:56424
Begin MonoManager ReloadAssembly
Registering precompiled unity dll's ...
Register platform support module: C:/Program Files/Unity/Hub/Editor/6000.0.28f1/Editor/Data/PlaybackEngines/WebGLSupport/UnityEditor.WebGL.Extensions.dll
Register platform support module: C:/Program Files/Unity/Hub/Editor/6000.0.28f1/Editor/Data/PlaybackEngines/WindowsStandaloneSupport/UnityEditor.WindowsStandalone.Extensions.dll
Registered in 0.007171 seconds.
- Loaded All Assemblies, in  0.653 seconds
Native extension for WindowsStandalone target not found
Native extension for WebGL target not found
Mono: successfully reloaded assembly
- Finished resetting the current domain, in  0.526 seconds
Domain Reload Profiling: 1174ms
	BeginReloadAssembly (227ms)
		ExecutionOrderSort (0ms)
		DisableScriptedObjects (0ms)
		BackupInstance (0ms)
		ReleaseScriptingObjects (0ms)
		CreateAndSetChildDomain (1ms)
	RebuildCommonClasses (61ms)
	RebuildNativeTypeToScriptingClass (15ms)
	initialDomainReloadingComplete (75ms)
	LoadAllAssembliesAndSetupDomain (269ms)
		LoadAssemblies (224ms)
		RebuildTransferFunctionScriptingTraits (0ms)
		AnalyzeDomain (263ms)
			TypeCache.Refresh (260ms)
				TypeCache.ScanAssembly (243ms)
			BuildScriptInfoCaches (0ms)
			ResolveRequiredComponents (1ms)
	FinalizeReload (527ms)
		ReleaseScriptCaches (0ms)
		RebuildScriptCaches (0ms)
		SetupLoadedEditorAssemblies (482ms)
			LogAssemblyErrors (0ms)
			InitializePlatformSupportModulesInManaged (36ms)
			SetLoadedEditorAssemblies (7ms)
			BeforeProcessingInitializeOnLoad (9ms)
			ProcessInitializeOnLoadAttributes (325ms)
			ProcessInitializeOnLoadMethodAttributes (102ms)
			AfterProcessingInitializeOnLoad (3ms)
			EditorAssembliesLoaded (0ms)
		ExecutionOrderSort2 (0ms)
		AwakeInstancesAfterBackupRestoration (0ms)
========================================================================
Worker process is ready to serve import requests
Import Worker Mode flag is 0x00
Begin MonoManager ReloadAssembly
- Loaded All Assemblies, in  1.479 seconds
Refreshing native plugins compatible for Editor in 3.63 ms, found 4 plugins.
Native extension for WindowsStandalone target not found
Native extension for WebGL target not found
Mono: successfully reloaded assembly
- Finished resetting the current domain, in  1.303 seconds
Domain Reload Profiling: 2775ms
	BeginReloadAssembly (650ms)
		ExecutionOrderSort (0ms)
		DisableScriptedObjects (9ms)
		BackupInstance (0ms)
		ReleaseScriptingObjects (0ms)
		CreateAndSetChildDomain (43ms)
	RebuildCommonClasses (64ms)
	RebuildNativeTypeToScriptingClass (19ms)
	initialDomainReloadingComplete (70ms)
	LoadAllAssembliesAndSetupDomain (667ms)
		LoadAssemblies (562ms)
		RebuildTransferFunctionScriptingTraits (0ms)
		AnalyzeDomain (295ms)
			TypeCache.Refresh (215ms)
				TypeCache.ScanAssembly (191ms)
			BuildScriptInfoCaches (66ms)
			ResolveRequiredComponents (10ms)
	FinalizeReload (1304ms)
		ReleaseScriptCaches (0ms)
		RebuildScriptCaches (0ms)
		SetupLoadedEditorAssemblies (954ms)
			LogAssemblyErrors (0ms)
			InitializePlatformSupportModulesInManaged (4ms)
			SetLoadedEditorAssemblies (8ms)
			BeforeProcessingInitializeOnLoad (121ms)
			ProcessInitializeOnLoadAttributes (745ms)
			ProcessInitializeOnLoadMethodAttributes (60ms)
			AfterProcessingInitializeOnLoad (16ms)
			EditorAssembliesLoaded (0ms)
		ExecutionOrderSort2 (0ms)
		AwakeInstancesAfterBackupRestoration (10ms)
Launched and connected shader compiler UnityShaderCompiler.exe after 0.02 seconds
Refreshing native plugins compatible for Editor in 3.58 ms, found 4 plugins.
Preloading 0 native plugins for Editor in 0.00 ms.
Unloading 15 Unused Serialized files (Serialized files now loaded: 0)
Unloading 4698 unused Assets / (1.2 MB). Loaded Objects now: 5302.
Memory consumption went from 126.1 MB to 124.9 MB.
Total: 10.944800 ms (FindLiveObjects: 0.655600 ms CreateObjectMapping: 0.763500 ms MarkObjects: 7.714300 ms  DeleteObjects: 1.808800 ms)

========================================================================
Received Import Request.
  Time since last request: 4397.279717 seconds.
  path: Assets/Sprites/beach-cloud-01.png
  artifactKey: Guid(b928bb9af722d604a8c961b6e15e4885) Importer(2089858483,192608db42251d675da83286b1cce702)
Start importing Assets/Sprites/beach-cloud-01.png using Guid(b928bb9af722d604a8c961b6e15e4885) Importer(2089858483,192608db42251d675da83286b1cce702) (ScriptedImporter) -> (artifact id: 'ab3ba7832eaed5eb5e2b73a43e2d28a9') in 0.1966433 seconds
Number of updated asset objects reloaded before import = 0Number of asset objects unloaded after import = 3

========================================================================
Received Import Request.
  Time since last request: 0.000029 seconds.
  path: Assets/Sprites/Tiles/Platforms_3.asset
  artifactKey: Guid(dda5a283c250f9c4c9a833f1c3514544) Importer(2089858483,192608db42251d675da83286b1cce702)
Start importing Assets/Sprites/Tiles/Platforms_3.asset using Guid(dda5a283c250f9c4c9a833f1c3514544) Importer(2089858483,192608db42251d675da83286b1cce702) (ScriptedImporter) -> (artifact id: 'ab4993d0d796fce3d27b42fb3bd22d95') in 0.0750186 seconds
Number of updated asset objects reloaded before import = 0Number of asset objects unloaded after import = 2

========================================================================
Received Import Request.
  Time since last request: 0.000029 seconds.
  path: Assets/Sprites/Tiles/Platforms_2.asset
  artifactKey: Guid(a589ff111ad7fa5429c87473ea547de3) Importer(2089858483,192608db42251d675da83286b1cce702)
Start importing Assets/Sprites/Tiles/Platforms_2.asset using Guid(a589ff111ad7fa5429c87473ea547de3) Importer(2089858483,192608db42251d675da83286b1cce702) (ScriptedImporter) -> (artifact id: '77622cc2c66c3af1b317678cbf38b9e9') in 0.0325802 seconds
Number of updated asset objects reloaded before import = 0Number of asset objects unloaded after import = 2

========================================================================
Received Import Request.
  Time since last request: 0.000073 seconds.
  path: Assets/Prefabs/balaHielo_0.prefab
  artifactKey: Guid(35b8764666030ac4a8435afd4f87b0f3) Importer(2089858483,192608db42251d675da83286b1cce702)
Start importing Assets/Prefabs/balaHielo_0.prefab using Guid(35b8764666030ac4a8435afd4f87b0f3) Importer(2089858483,192608db42251d675da83286b1cce702) (ScriptedImporter) -> (artifact id: '1985e8e40a17cba1ec7e40af5811ed68') in 0.089427 seconds
Number of updated asset objects reloaded before import = 0Number of asset objects unloaded after import = 9

========================================================================
Received Import Request.
  Time since last request: 0.000025 seconds.
  path: Assets/Prefabs/beach-cloud-03 (1).prefab
  artifactKey: Guid(fe705c957c300cb41bef945a16ec4813) Importer(2089858483,192608db42251d675da83286b1cce702)
Start importing Assets/Prefabs/beach-cloud-03 (1).prefab using Guid(fe705c957c300cb41bef945a16ec4813) Importer(2089858483,192608db42251d675da83286b1cce702) (ScriptedImporter) -> (artifact id: '376f9cff5c8ab35eb595c2d594a15801') in 0.0542735 seconds
Number of updated asset objects reloaded before import = 0Number of asset objects unloaded after import = 7

========================================================================
Received Import Request.
  Time since last request: 0.000063 seconds.
  path: Assets/Scenes/PantallaPrincipal.unity
  artifactKey: Guid(2cda990e2423bbf4892e6590ba056729) Importer(2089858483,192608db42251d675da83286b1cce702)
Start importing Assets/Scenes/PantallaPrincipal.unity using Guid(2cda990e2423bbf4892e6590ba056729) Importer(2089858483,192608db42251d675da83286b1cce702) (ScriptedImporter) -> (artifact id: 'dd17a15d25d15add09d4f71a43ef632b') in 0.0391079 seconds
Number of updated asset objects reloaded before import = 0Number of asset objects unloaded after import = 1

========================================================================
Received Import Request.
  Time since last request: 0.000161 seconds.
  path: Assets/Sprites/penguin128.png
  artifactKey: Guid(be387bf62ef3e3844ae2f56f8e7832ff) Importer(2089858483,192608db42251d675da83286b1cce702)
Start importing Assets/Sprites/penguin128.png using Guid(be387bf62ef3e3844ae2f56f8e7832ff) Importer(2089858483,192608db42251d675da83286b1cce702) (ScriptedImporter) -> (artifact id: '38828c74b341b8e56f62bf137d367ba1') in 0.1040714 seconds
Number of updated asset objects reloaded before import = 0Number of asset objects unloaded after import = 29

========================================================================
Received Import Request.
  Time since last request: 0.000027 seconds.
  path: Assets/Sprites/Tiles/tileset128_0.asset
  artifactKey: Guid(8e1eaa05c58fe69458829f803f95378b) Importer(2089858483,192608db42251d675da83286b1cce702)
Start importing Assets/Sprites/Tiles/tileset128_0.asset using Guid(8e1eaa05c58fe69458829f803f95378b) Importer(2089858483,192608db42251d675da83286b1cce702) (ScriptedImporter) -> (artifact id: 'd17845a973867ec2d2e0570e352ecc6a') in 0.0384464 seconds
Number of updated asset objects reloaded before import = 0Number of asset objects unloaded after import = 2

========================================================================
Received Import Request.
  Time since last request: 0.000071 seconds.
  path: Assets/Scripts/Penguin.cs
  artifactKey: Guid(f66e93d9f13c4bb4fba9e9137bb49640) Importer(2089858483,192608db42251d675da83286b1cce702)
Start importing Assets/Scripts/Penguin.cs using Guid(f66e93d9f13c4bb4fba9e9137bb49640) Importer(2089858483,192608db42251d675da83286b1cce702) (ScriptedImporter) -> (artifact id: 'ec6220a25f8169f1cf70aef603669ee9') in 0.0294015 seconds
Number of updated asset objects reloaded before import = 0Number of asset objects unloaded after import = 0

========================================================================
Received Import Request.
  Time since last request: 0.000210 seconds.
  path: Assets/Sprites/Tiles/Platforms_4.asset
  artifactKey: Guid(e85f2e539e24d334c969a35847169220) Importer(2089858483,192608db42251d675da83286b1cce702)
Start importing Assets/Sprites/Tiles/Platforms_4.asset using Guid(e85f2e539e24d334c969a35847169220) Importer(2089858483,192608db42251d675da83286b1cce702) (ScriptedImporter) -> (artifact id: '6620eee3db9bb872ac6fb6dbecbb6ee0') in 0.0358436 seconds
Number of updated asset objects reloaded before import = 0Number of asset objects unloaded after import = 2

========================================================================
Received Import Request.
  Time since last request: 0.000030 seconds.
  path: Assets/Animations/Penguin_idle.anim
  artifactKey: Guid(adc8f2b344ae4ed418b4255d9aa08084) Importer(2089858483,192608db42251d675da83286b1cce702)
Start importing Assets/Animations/Penguin_idle.anim using Guid(adc8f2b344ae4ed418b4255d9aa08084) Importer(2089858483,192608db42251d675da83286b1cce702) (ScriptedImporter) -> (artifact id: '4cde12abcab88472038efafdecee9271') in 0.0422898 seconds
Number of updated asset objects reloaded before import = 0Number of asset objects unloaded after import = 1

========================================================================
Received Import Request.
  Time since last request: 0.000136 seconds.
  path: Assets/Scripts/Bala.cs
  artifactKey: Guid(ee423fa84d98133419175e59569abc97) Importer(2089858483,192608db42251d675da83286b1cce702)
Start importing Assets/Scripts/Bala.cs using Guid(ee423fa84d98133419175e59569abc97) Importer(2089858483,192608db42251d675da83286b1cce702) (ScriptedImporter) -> (artifact id: 'c19626d28a213e95af235dad98aead80') in 0.0273889 seconds
Number of updated asset objects reloaded before import = 0Number of asset objects unloaded after import = 0

========================================================================
Received Import Request.
  Time since last request: 0.000134 seconds.
  path: Assets/Scripts/Camara.cs
  artifactKey: Guid(6ca6dccb1f9dd48449239cc3807c6ed5) Importer(2089858483,192608db42251d675da83286b1cce702)
Start importing Assets/Scripts/Camara.cs using Guid(6ca6dccb1f9dd48449239cc3807c6ed5) Importer(2089858483,192608db42251d675da83286b1cce702) (ScriptedImporter) -> (artifact id: '473305d0f20af71fc602c7120010e4ce') in 0.0271556 seconds
Number of updated asset objects reloaded before import = 0Number of asset objects unloaded after import = 0

========================================================================
Received Import Request.
  Time since last request: 0.000147 seconds.
  path: Assets/Animations/Penguin.controller
  artifactKey: Guid(df702fdf20927894fae048301a586b76) Importer(2089858483,192608db42251d675da83286b1cce702)
Start importing Assets/Animations/Penguin.controller using Guid(df702fdf20927894fae048301a586b76) Importer(2089858483,192608db42251d675da83286b1cce702) (ScriptedImporter) -> (artifact id: '4470c61681028da2c761c60f1d43ed5c') in 0.0510606 seconds
Number of updated asset objects reloaded before import = 0Number of asset objects unloaded after import = 14

========================================================================
Received Import Request.
  Time since last request: 0.000031 seconds.
  path: Assets/Prefabs/Box_0.prefab
  artifactKey: Guid(24ba0935ecd2f8540a90a5fba7237cae) Importer(2089858483,192608db42251d675da83286b1cce702)
Start importing Assets/Prefabs/Box_0.prefab using Guid(24ba0935ecd2f8540a90a5fba7237cae) Importer(2089858483,192608db42251d675da83286b1cce702) (ScriptedImporter) -> (artifact id: 'f4edcd6f85682d869c81d749c00c4e2a') in 0.061916 seconds
Number of updated asset objects reloaded before import = 0Number of asset objects unloaded after import = 9

========================================================================
Received Import Request.
  Time since last request: 0.000031 seconds.
  path: Assets/Scripts/Pistola.cs
  artifactKey: Guid(06e860cece29f8749be7ba674ae75d4a) Importer(2089858483,192608db42251d675da83286b1cce702)
Start importing Assets/Scripts/Pistola.cs using Guid(06e860cece29f8749be7ba674ae75d4a) Importer(2089858483,192608db42251d675da83286b1cce702) (ScriptedImporter) -> (artifact id: '9194ca9395be3cbaaa4e380363f4e12e') in 0.0314215 seconds
Number of updated asset objects reloaded before import = 0Number of asset objects unloaded after import = 0

========================================================================
Received Import Request.
  Time since last request: 0.000153 seconds.
  path: Assets/Prefabs/beach-cloud-03 (2).prefab
  artifactKey: Guid(d71d0fcb5b44f5142adbba63b8cff998) Importer(2089858483,192608db42251d675da83286b1cce702)
Start importing Assets/Prefabs/beach-cloud-03 (2).prefab using Guid(d71d0fcb5b44f5142adbba63b8cff998) Importer(2089858483,192608db42251d675da83286b1cce702) (ScriptedImporter) -> (artifact id: '9a96c5fdf65773b0c38c352b45a4b927') in 0.0587811 seconds
Number of updated asset objects reloaded before import = 0Number of asset objects unloaded after import = 7

========================================================================
Received Import Request.
  Time since last request: 0.000023 seconds.
  path: Assets/Sprites/Tiles/Platforms_0.asset
  artifactKey: Guid(acd0c3c3d565f8e40af39cc5d195057f) Importer(2089858483,192608db42251d675da83286b1cce702)
Start importing Assets/Sprites/Tiles/Platforms_0.asset using Guid(acd0c3c3d565f8e40af39cc5d195057f) Importer(2089858483,192608db42251d675da83286b1cce702) (ScriptedImporter) -> (artifact id: '1823ae7465c520178ff8dbf6b8a41162') in 0.0297195 seconds
Number of updated asset objects reloaded before import = 0Number of asset objects unloaded after import = 2

========================================================================
Received Import Request.
  Time since last request: 0.000023 seconds.
  path: Assets/Prefabs/beach-cloud-03.prefab
  artifactKey: Guid(65e21db1d006c614b981ba249eaa6fb5) Importer(2089858483,192608db42251d675da83286b1cce702)
Start importing Assets/Prefabs/beach-cloud-03.prefab using Guid(65e21db1d006c614b981ba249eaa6fb5) Importer(2089858483,192608db42251d675da83286b1cce702) (ScriptedImporter) -> (artifact id: '269e9348446623ab72c9866599e49c2d') in 0.0502697 seconds
Number of updated asset objects reloaded before import = 0Number of asset objects unloaded after import = 7

========================================================================
Received Import Request.
  Time since last request: 0.000027 seconds.
  path: Assets/Sprites/beach-sky.png
  artifactKey: Guid(36af45f817607e24a8da35618654b7cc) Importer(2089858483,192608db42251d675da83286b1cce702)
Start importing Assets/Sprites/beach-sky.png using Guid(36af45f817607e24a8da35618654b7cc) Importer(2089858483,192608db42251d675da83286b1cce702) (ScriptedImporter) -> (artifact id: 'de40a7918bb5ac409d851d187c621463') in 0.0417615 seconds
Number of updated asset objects reloaded before import = 0Number of asset objects unloaded after import = 3

========================================================================
Received Import Request.
  Time since last request: 0.000026 seconds.
  path: Assets/Sprites/Tiles/tileset128_1.asset
  artifactKey: Guid(902d5f5f0ce6e4046a80bd0834a189c4) Importer(2089858483,192608db42251d675da83286b1cce702)
Start importing Assets/Sprites/Tiles/tileset128_1.asset using Guid(902d5f5f0ce6e4046a80bd0834a189c4) Importer(2089858483,192608db42251d675da83286b1cce702) (ScriptedImporter) -> (artifact id: '35cc87c747612a2f5d07359329fe1394') in 0.0336341 seconds
Number of updated asset objects reloaded before import = 0Number of asset objects unloaded after import = 2

